<?xml version="1.0" encoding="UTF-8"?>
<!-- Generated by org.testng.reporters.JUnitXMLReporter -->
<testsuite hostname="PULIVARS2" ignored="0" name="Test" tests="9" failures="3" timestamp="2019-12-27T14:36:52 IST" time="75.997" errors="0">
  <testcase name="@BeforeMethod setUp" time="33.759" classname="Com.CRM.TestCases.HomePageTest">
    <failure type="org.openqa.selenium.NoSuchElementException" message="Unable to find element with css selector == #txtUsername
For documentation on this error, please visit: https://www.seleniumhq.org/exceptions/no_such_element.html
Build info: version: &amp;apos;3.141.59&amp;apos;, revision: &amp;apos;e82be7d358&amp;apos;, time: &amp;apos;2018-11-14T08:25:53&amp;apos;
System info: host: &amp;apos;PULIVARS2&amp;apos;, ip: &amp;apos;15.75.12.236&amp;apos;, os.name: &amp;apos;Windows 10&amp;apos;, os.arch: &amp;apos;amd64&amp;apos;, os.version: &amp;apos;10.0&amp;apos;, java.version: &amp;apos;1.8.0_221&amp;apos;
Driver info: org.openqa.selenium.ie.InternetExplorerDriver
Capabilities {acceptInsecureCerts: false, browserName: internet explorer, browserVersion: 11, javascriptEnabled: true, pageLoadStrategy: normal, platform: WINDOWS, platformName: WINDOWS, proxy: Proxy(), se:ieOptions: {browserAttachTimeout: 0, elementScrollBehavior: 0, enablePersistentHover: true, ie.browserCommandLineSwitches: , ie.ensureCleanSession: false, ie.fileUploadDialogTimeout: 3000, ie.forceCreateProcessApi: false, ignoreProtectedModeSettings: false, ignoreZoomSetting: false, initialBrowserUrl: http://localhost:24948/, nativeEvents: true, requireWindowFocus: false}, setWindowRect: true, timeouts: {implicit: 0, pageLoad: 300000, script: 30000}}
Session ID: dce4440e-c01f-4dee-8977-3d6514d111f9
*** Element info: {Using=id, value=txtUsername}">
      <![CDATA[org.openqa.selenium.NoSuchElementException: Unable to find element with css selector == #txtUsername
For documentation on this error, please visit: https://www.seleniumhq.org/exceptions/no_such_element.html
Build info: version: '3.141.59', revision: 'e82be7d358', time: '2018-11-14T08:25:53'
System info: host: 'PULIVARS2', ip: '15.75.12.236', os.name: 'Windows 10', os.arch: 'amd64', os.version: '10.0', java.version: '1.8.0_221'
Driver info: org.openqa.selenium.ie.InternetExplorerDriver
Capabilities {acceptInsecureCerts: false, browserName: internet explorer, browserVersion: 11, javascriptEnabled: true, pageLoadStrategy: normal, platform: WINDOWS, platformName: WINDOWS, proxy: Proxy(), se:ieOptions: {browserAttachTimeout: 0, elementScrollBehavior: 0, enablePersistentHover: true, ie.browserCommandLineSwitches: , ie.ensureCleanSession: false, ie.fileUploadDialogTimeout: 3000, ie.forceCreateProcessApi: false, ignoreProtectedModeSettings: false, ignoreZoomSetting: false, initialBrowserUrl: http://localhost:24948/, nativeEvents: true, requireWindowFocus: false}, setWindowRect: true, timeouts: {implicit: 0, pageLoad: 300000, script: 30000}}
Session ID: dce4440e-c01f-4dee-8977-3d6514d111f9
*** Element info: {Using=id, value=txtUsername}
at org.openqa.selenium.remote.http.W3CHttpResponseCodec.createException(W3CHttpResponseCodec.java:187)
at org.openqa.selenium.remote.http.W3CHttpResponseCodec.decode(W3CHttpResponseCodec.java:122)
at org.openqa.selenium.remote.http.W3CHttpResponseCodec.decode(W3CHttpResponseCodec.java:49)
at org.openqa.selenium.remote.HttpCommandExecutor.execute(HttpCommandExecutor.java:158)
at org.openqa.selenium.remote.service.DriverCommandExecutor.execute(DriverCommandExecutor.java:83)
at org.openqa.selenium.remote.RemoteWebDriver.execute(RemoteWebDriver.java:552)
at org.openqa.selenium.remote.RemoteWebDriver.findElement(RemoteWebDriver.java:323)
at org.openqa.selenium.remote.RemoteWebDriver.findElementById(RemoteWebDriver.java:372)
at org.openqa.selenium.By$ById.findElement(By.java:188)
at org.openqa.selenium.remote.RemoteWebDriver.findElement(RemoteWebDriver.java:315)
at org.openqa.selenium.support.pagefactory.DefaultElementLocator.findElement(DefaultElementLocator.java:69)
at org.openqa.selenium.support.pagefactory.internal.LocatingElementHandler.invoke(LocatingElementHandler.java:38)
at com.sun.proxy.$Proxy9.sendKeys(Unknown Source)
at CRM.QA.TestData.LoginPage.login(LoginPage.java:47)
at Com.CRM.TestCases.HomePageTest.setUp(HomePageTest.java:38)
... Removed 32 stack frames]]>
    </failure>
  </testcase> <!-- @BeforeMethod setUp -->
  <testcase name="@AfterMethod HomePageaftermethod" time="-1.577437573772E9" classname="Com.CRM.TestCases.HomePageTest">
    <skipped/>
  </testcase> <!-- @AfterMethod HomePageaftermethod -->
  <testcase name="@BeforeMethod setUp" time="-1.577437577427E9" classname="Com.CRM.TestCases.HomePageTest">
    <skipped/>
  </testcase> <!-- @BeforeMethod setUp -->
  <testcase name="@AfterMethod HomePageaftermethod" time="-1.577437577427E9" classname="Com.CRM.TestCases.HomePageTest">
    <skipped/>
  </testcase> <!-- @AfterMethod HomePageaftermethod -->
  <testcase name="@BeforeMethod setUp" time="-1.577437611088E9" classname="Com.CRM.TestCases.HomePageTest">
    <skipped/>
  </testcase> <!-- @BeforeMethod setUp -->
  <testcase name="@AfterMethod HomePageaftermethod" time="-1.577437611088E9" classname="Com.CRM.TestCases.HomePageTest">
    <skipped/>
  </testcase> <!-- @AfterMethod HomePageaftermethod -->
  <testcase name="@BeforeMethod setUp" time="-1.577437611103E9" classname="Com.CRM.TestCases.HomePageTest">
    <skipped/>
  </testcase> <!-- @BeforeMethod setUp -->
  <testcase name="@AfterMethod HomePageaftermethod" time="-1.577437611138E9" classname="Com.CRM.TestCases.HomePageTest">
    <skipped/>
  </testcase> <!-- @AfterMethod HomePageaftermethod -->
  <testcase name="@BeforeMethod setUp" time="-1.577437611138E9" classname="Com.CRM.TestCases.HomePageTest">
    <skipped/>
  </testcase> <!-- @BeforeMethod setUp -->
  <testcase name="@AfterMethod HomePageaftermethod" time="-1.577437611164E9" classname="Com.CRM.TestCases.HomePageTest">
    <skipped/>
  </testcase> <!-- @AfterMethod HomePageaftermethod -->
  <testcase name="@BeforeMethod setUp" time="-1.577437611167E9" classname="Com.CRM.TestCases.HomePageTest">
    <skipped/>
  </testcase> <!-- @BeforeMethod setUp -->
  <testcase name="@AfterMethod HomePageaftermethod" time="-1.577437611182E9" classname="Com.CRM.TestCases.HomePageTest">
    <skipped/>
  </testcase> <!-- @AfterMethod HomePageaftermethod -->
  <testcase name="loginPageTitle" time="0.07" classname="Com.CRM.TestCases.LoginPageTest1">
    <failure type="java.lang.AssertionError" message="did not expect to find [OrangeHRM] but found [WebDriver]">
      <![CDATA[java.lang.AssertionError: did not expect to find [OrangeHRM] but found [WebDriver]
at Com.CRM.TestCases.LoginPageTest1.loginPageTitle(LoginPageTest1.java:43)
... Removed 31 stack frames]]>
    </failure>
  </testcase> <!-- loginPageTitle -->
  <testcase name="verifyHopmePageTitle" time="0.0" classname="Com.CRM.TestCases.HomePageTest">
    <skipped/>
  </testcase> <!-- verifyHopmePageTitle -->
  <testcase name="Orange_Logo_Img_Test" time="0.453" classname="Com.CRM.TestCases.LoginPageTest1">
    <failure type="org.openqa.selenium.InvalidSelectorException" message="Unable to locate an element with the xpath expression //img(contains(text(), &amp;apos;/webres_5d6f937c9c7169.68307390/themes/default/images/login/logo.png&amp;apos;)) because of the following error:
Error: Invalid node type: img
For documentation on this error, please visit: https://www.seleniumhq.org/exceptions/invalid_selector_exception.html
Build info: version: &amp;apos;3.141.59&amp;apos;, revision: &amp;apos;e82be7d358&amp;apos;, time: &amp;apos;2018-11-14T08:25:53&amp;apos;
System info: host: &amp;apos;PULIVARS2&amp;apos;, ip: &amp;apos;15.75.12.236&amp;apos;, os.name: &amp;apos;Windows 10&amp;apos;, os.arch: &amp;apos;amd64&amp;apos;, os.version: &amp;apos;10.0&amp;apos;, java.version: &amp;apos;1.8.0_221&amp;apos;
Driver info: org.openqa.selenium.ie.InternetExplorerDriver
Capabilities {acceptInsecureCerts: false, browserName: internet explorer, browserVersion: 11, javascriptEnabled: true, pageLoadStrategy: normal, platform: WINDOWS, platformName: WINDOWS, proxy: Proxy(), se:ieOptions: {browserAttachTimeout: 0, elementScrollBehavior: 0, enablePersistentHover: true, ie.browserCommandLineSwitches: , ie.ensureCleanSession: false, ie.fileUploadDialogTimeout: 3000, ie.forceCreateProcessApi: false, ignoreProtectedModeSettings: false, ignoreZoomSetting: false, initialBrowserUrl: http://localhost:21804/, nativeEvents: true, requireWindowFocus: false}, setWindowRect: true, timeouts: {implicit: 0, pageLoad: 300000, script: 30000}}
Session ID: 95d5b18b-7a8f-462a-9569-010862d0ffcf
*** Element info: {Using=xpath, value=//img(contains(text(), &amp;apos;/webres_5d6f937c9c7169.68307390/themes/default/images/login/logo.png&amp;apos;))}">
      <![CDATA[org.openqa.selenium.InvalidSelectorException: Unable to locate an element with the xpath expression //img(contains(text(), '/webres_5d6f937c9c7169.68307390/themes/default/images/login/logo.png')) because of the following error:
Error: Invalid node type: img
For documentation on this error, please visit: https://www.seleniumhq.org/exceptions/invalid_selector_exception.html
Build info: version: '3.141.59', revision: 'e82be7d358', time: '2018-11-14T08:25:53'
System info: host: 'PULIVARS2', ip: '15.75.12.236', os.name: 'Windows 10', os.arch: 'amd64', os.version: '10.0', java.version: '1.8.0_221'
Driver info: org.openqa.selenium.ie.InternetExplorerDriver
Capabilities {acceptInsecureCerts: false, browserName: internet explorer, browserVersion: 11, javascriptEnabled: true, pageLoadStrategy: normal, platform: WINDOWS, platformName: WINDOWS, proxy: Proxy(), se:ieOptions: {browserAttachTimeout: 0, elementScrollBehavior: 0, enablePersistentHover: true, ie.browserCommandLineSwitches: , ie.ensureCleanSession: false, ie.fileUploadDialogTimeout: 3000, ie.forceCreateProcessApi: false, ignoreProtectedModeSettings: false, ignoreZoomSetting: false, initialBrowserUrl: http://localhost:21804/, nativeEvents: true, requireWindowFocus: false}, setWindowRect: true, timeouts: {implicit: 0, pageLoad: 300000, script: 30000}}
Session ID: 95d5b18b-7a8f-462a-9569-010862d0ffcf
*** Element info: {Using=xpath, value=//img(contains(text(), '/webres_5d6f937c9c7169.68307390/themes/default/images/login/logo.png'))}
at org.openqa.selenium.remote.http.W3CHttpResponseCodec.createException(W3CHttpResponseCodec.java:187)
at org.openqa.selenium.remote.http.W3CHttpResponseCodec.decode(W3CHttpResponseCodec.java:122)
at org.openqa.selenium.remote.http.W3CHttpResponseCodec.decode(W3CHttpResponseCodec.java:49)
at org.openqa.selenium.remote.HttpCommandExecutor.execute(HttpCommandExecutor.java:158)
at org.openqa.selenium.remote.service.DriverCommandExecutor.execute(DriverCommandExecutor.java:83)
at org.openqa.selenium.remote.RemoteWebDriver.execute(RemoteWebDriver.java:552)
at org.openqa.selenium.remote.RemoteWebDriver.findElement(RemoteWebDriver.java:323)
at org.openqa.selenium.remote.RemoteWebDriver.findElementByXPath(RemoteWebDriver.java:428)
at org.openqa.selenium.By$ByXPath.findElement(By.java:353)
at org.openqa.selenium.remote.RemoteWebDriver.findElement(RemoteWebDriver.java:315)
at org.openqa.selenium.support.pagefactory.DefaultElementLocator.findElement(DefaultElementLocator.java:69)
at org.openqa.selenium.support.pagefactory.internal.LocatingElementHandler.invoke(LocatingElementHandler.java:38)
at com.sun.proxy.$Proxy9.isDisplayed(Unknown Source)
at CRM.QA.TestData.LoginPage.validatingImage(LoginPage.java:39)
at Com.CRM.TestCases.LoginPageTest1.Orange_Logo_Img_Test(LoginPageTest1.java:50)
... Removed 29 stack frames]]>
    </failure>
  </testcase> <!-- Orange_Logo_Img_Test -->
  <testcase name="verifyadmin" time="0.0" classname="Com.CRM.TestCases.HomePageTest">
    <skipped/>
  </testcase> <!-- verifyadmin -->
  <testcase name="LoginPage" time="30.203" classname="Com.CRM.TestCases.LoginPageTest1">
    <failure type="org.openqa.selenium.NoSuchElementException" message="Unable to find element with css selector == #txtUsername
For documentation on this error, please visit: https://www.seleniumhq.org/exceptions/no_such_element.html
Build info: version: &amp;apos;3.141.59&amp;apos;, revision: &amp;apos;e82be7d358&amp;apos;, time: &amp;apos;2018-11-14T08:25:53&amp;apos;
System info: host: &amp;apos;PULIVARS2&amp;apos;, ip: &amp;apos;15.75.12.236&amp;apos;, os.name: &amp;apos;Windows 10&amp;apos;, os.arch: &amp;apos;amd64&amp;apos;, os.version: &amp;apos;10.0&amp;apos;, java.version: &amp;apos;1.8.0_221&amp;apos;
Driver info: org.openqa.selenium.ie.InternetExplorerDriver
Capabilities {acceptInsecureCerts: false, browserName: internet explorer, browserVersion: 11, javascriptEnabled: true, pageLoadStrategy: normal, platform: WINDOWS, platformName: WINDOWS, proxy: Proxy(), se:ieOptions: {browserAttachTimeout: 0, elementScrollBehavior: 0, enablePersistentHover: true, ie.browserCommandLineSwitches: , ie.ensureCleanSession: false, ie.fileUploadDialogTimeout: 3000, ie.forceCreateProcessApi: false, ignoreProtectedModeSettings: false, ignoreZoomSetting: false, initialBrowserUrl: http://localhost:33372/, nativeEvents: true, requireWindowFocus: false}, setWindowRect: true, timeouts: {implicit: 0, pageLoad: 300000, script: 30000}}
Session ID: ddeabcbe-d80e-4c4f-a65c-046aec09cc1d
*** Element info: {Using=id, value=txtUsername}">
      <![CDATA[org.openqa.selenium.NoSuchElementException: Unable to find element with css selector == #txtUsername
For documentation on this error, please visit: https://www.seleniumhq.org/exceptions/no_such_element.html
Build info: version: '3.141.59', revision: 'e82be7d358', time: '2018-11-14T08:25:53'
System info: host: 'PULIVARS2', ip: '15.75.12.236', os.name: 'Windows 10', os.arch: 'amd64', os.version: '10.0', java.version: '1.8.0_221'
Driver info: org.openqa.selenium.ie.InternetExplorerDriver
Capabilities {acceptInsecureCerts: false, browserName: internet explorer, browserVersion: 11, javascriptEnabled: true, pageLoadStrategy: normal, platform: WINDOWS, platformName: WINDOWS, proxy: Proxy(), se:ieOptions: {browserAttachTimeout: 0, elementScrollBehavior: 0, enablePersistentHover: true, ie.browserCommandLineSwitches: , ie.ensureCleanSession: false, ie.fileUploadDialogTimeout: 3000, ie.forceCreateProcessApi: false, ignoreProtectedModeSettings: false, ignoreZoomSetting: false, initialBrowserUrl: http://localhost:33372/, nativeEvents: true, requireWindowFocus: false}, setWindowRect: true, timeouts: {implicit: 0, pageLoad: 300000, script: 30000}}
Session ID: ddeabcbe-d80e-4c4f-a65c-046aec09cc1d
*** Element info: {Using=id, value=txtUsername}
at org.openqa.selenium.remote.http.W3CHttpResponseCodec.createException(W3CHttpResponseCodec.java:187)
at org.openqa.selenium.remote.http.W3CHttpResponseCodec.decode(W3CHttpResponseCodec.java:122)
at org.openqa.selenium.remote.http.W3CHttpResponseCodec.decode(W3CHttpResponseCodec.java:49)
at org.openqa.selenium.remote.HttpCommandExecutor.execute(HttpCommandExecutor.java:158)
at org.openqa.selenium.remote.service.DriverCommandExecutor.execute(DriverCommandExecutor.java:83)
at org.openqa.selenium.remote.RemoteWebDriver.execute(RemoteWebDriver.java:552)
at org.openqa.selenium.remote.RemoteWebDriver.findElement(RemoteWebDriver.java:323)
at org.openqa.selenium.remote.RemoteWebDriver.findElementById(RemoteWebDriver.java:372)
at org.openqa.selenium.By$ById.findElement(By.java:188)
at org.openqa.selenium.remote.RemoteWebDriver.findElement(RemoteWebDriver.java:315)
at org.openqa.selenium.support.pagefactory.DefaultElementLocator.findElement(DefaultElementLocator.java:69)
at org.openqa.selenium.support.pagefactory.internal.LocatingElementHandler.invoke(LocatingElementHandler.java:38)
at com.sun.proxy.$Proxy9.sendKeys(Unknown Source)
at CRM.QA.TestData.LoginPage.login(LoginPage.java:47)
at Com.CRM.TestCases.LoginPageTest1.LoginPage(LoginPageTest1.java:56)
... Removed 29 stack frames]]>
    </failure>
  </testcase> <!-- LoginPage -->
  <testcase name="verifyPIMTest1" time="0.0" classname="Com.CRM.TestCases.HomePageTest">
    <skipped/>
  </testcase> <!-- verifyPIMTest1 -->
  <testcase name="verifyLeaveTest2" time="0.001" classname="Com.CRM.TestCases.HomePageTest">
    <skipped/>
  </testcase> <!-- verifyLeaveTest2 -->
  <testcase name="verifyTimeTest3" time="0.0" classname="Com.CRM.TestCases.HomePageTest">
    <skipped/>
  </testcase> <!-- verifyTimeTest3 -->
  <testcase name="validateEmpDetails" time="0.0" classname="Com.CRM.TestCases.HomePageTest">
    <skipped/>
  </testcase> <!-- validateEmpDetails -->
</testsuite> <!-- Test -->
