<?xml version="1.0" encoding="UTF-8"?>
<!-- Generated by org.testng.reporters.JUnitXMLReporter -->
<testsuite hostname="PULIVARS2" ignored="0" name="Pulsar 2 Sanity Test" tests="11" failures="0" timestamp="2020-02-19T16:27:58 IST" time="3.004" errors="0">
  <testcase name="@BeforeMethod setUp" time="2.645" classname="GeneralTest.TestGeneraltab">
    <failure type="org.openqa.selenium.SessionNotCreatedException" message="Unexpected error launching Internet Explorer. Protected Mode settings are not the same for all zones. Enable Protected Mode must be set to the same value (enabled or disabled) for all zones.
Build info: version: &amp;apos;3.141.59&amp;apos;, revision: &amp;apos;e82be7d358&amp;apos;, time: &amp;apos;2018-11-14T08:25:53&amp;apos;
System info: host: &amp;apos;PULIVARS2&amp;apos;, ip: &amp;apos;192.168.43.14&amp;apos;, os.name: &amp;apos;Windows 10&amp;apos;, os.arch: &amp;apos;amd64&amp;apos;, os.version: &amp;apos;10.0&amp;apos;, java.version: &amp;apos;1.8.0_221&amp;apos;
Driver info: driver.version: InternetExplorerDriver
remote stacktrace: ">
      <![CDATA[org.openqa.selenium.SessionNotCreatedException: Unexpected error launching Internet Explorer. Protected Mode settings are not the same for all zones. Enable Protected Mode must be set to the same value (enabled or disabled) for all zones.
Build info: version: '3.141.59', revision: 'e82be7d358', time: '2018-11-14T08:25:53'
System info: host: 'PULIVARS2', ip: '192.168.43.14', os.name: 'Windows 10', os.arch: 'amd64', os.version: '10.0', java.version: '1.8.0_221'
Driver info: driver.version: InternetExplorerDriver
remote stacktrace: 
at org.openqa.selenium.remote.W3CHandshakeResponse.lambda$errorHandler$0(W3CHandshakeResponse.java:62)
at org.openqa.selenium.remote.HandshakeResponse.lambda$getResponseFunction$0(HandshakeResponse.java:30)
at org.openqa.selenium.remote.ProtocolHandshake.lambda$createSession$0(ProtocolHandshake.java:126)
at java.util.stream.ReferencePipeline$3$1.accept(Unknown Source)
at java.util.Spliterators$ArraySpliterator.tryAdvance(Unknown Source)
at java.util.stream.ReferencePipeline.forEachWithCancel(Unknown Source)
at java.util.stream.AbstractPipeline.copyIntoWithCancel(Unknown Source)
at java.util.stream.AbstractPipeline.copyInto(Unknown Source)
at java.util.stream.AbstractPipeline.wrapAndCopyInto(Unknown Source)
at java.util.stream.FindOps$FindOp.evaluateSequential(Unknown Source)
at java.util.stream.AbstractPipeline.evaluate(Unknown Source)
at java.util.stream.ReferencePipeline.findFirst(Unknown Source)
at org.openqa.selenium.remote.ProtocolHandshake.createSession(ProtocolHandshake.java:128)
at org.openqa.selenium.remote.ProtocolHandshake.createSession(ProtocolHandshake.java:74)
at org.openqa.selenium.remote.HttpCommandExecutor.execute(HttpCommandExecutor.java:136)
at org.openqa.selenium.remote.service.DriverCommandExecutor.execute(DriverCommandExecutor.java:83)
at org.openqa.selenium.remote.RemoteWebDriver.execute(RemoteWebDriver.java:552)
at org.openqa.selenium.remote.RemoteWebDriver.startSession(RemoteWebDriver.java:213)
at org.openqa.selenium.ie.InternetExplorerDriver.run(InternetExplorerDriver.java:221)
at org.openqa.selenium.ie.InternetExplorerDriver.<init>(InternetExplorerDriver.java:213)
at org.openqa.selenium.ie.InternetExplorerDriver.<init>(InternetExplorerDriver.java:150)
at Com.Qa.Base.Base.initialization(Base.java:41)
at GeneralTest.TestGeneraltab.setUp(TestGeneraltab.java:45)
at java.util.ArrayList.forEach(Unknown Source)
... Removed 35 stack frames]]>
    </failure>
  </testcase> <!-- @BeforeMethod setUp -->
  <testcase name="@AfterMethod TearDown" time="-1.58210987831E9" classname="GeneralTest.TestGeneraltab">
    <skipped/>
  </testcase> <!-- @AfterMethod TearDown -->
  <testcase name="@BeforeMethod setUp" time="-1.582109878318E9" classname="GeneralTest.TestGeneraltab">
    <skipped/>
  </testcase> <!-- @BeforeMethod setUp -->
  <testcase name="@AfterMethod TearDown" time="-1.582109878325E9" classname="GeneralTest.TestGeneraltab">
    <skipped/>
  </testcase> <!-- @AfterMethod TearDown -->
  <testcase name="@BeforeMethod setUp" time="-1.582109878327E9" classname="GeneralTest.TestGeneraltab">
    <skipped/>
  </testcase> <!-- @BeforeMethod setUp -->
  <testcase name="@AfterMethod TearDown" time="-1.582109878336E9" classname="GeneralTest.TestGeneraltab">
    <skipped/>
  </testcase> <!-- @AfterMethod TearDown -->
  <testcase name="@BeforeMethod setUp" time="-1.582109878338E9" classname="GeneralTest.TestGeneraltab">
    <skipped/>
  </testcase> <!-- @BeforeMethod setUp -->
  <testcase name="@AfterMethod TearDown" time="-1.582109878347E9" classname="GeneralTest.TestGeneraltab">
    <skipped/>
  </testcase> <!-- @AfterMethod TearDown -->
  <testcase name="@BeforeMethod setUp" time="-1.582109878352E9" classname="GeneralTest.TestGeneraltab">
    <skipped/>
  </testcase> <!-- @BeforeMethod setUp -->
  <testcase name="@AfterMethod TearDown" time="-1.58210987836E9" classname="GeneralTest.TestGeneraltab">
    <skipped/>
  </testcase> <!-- @AfterMethod TearDown -->
  <testcase name="@BeforeMethod setUp" time="-1.582109878363E9" classname="GeneralTest.TestGeneraltab">
    <skipped/>
  </testcase> <!-- @BeforeMethod setUp -->
  <testcase name="@AfterMethod TearDown" time="-1.582109878385E9" classname="GeneralTest.TestGeneraltab">
    <skipped/>
  </testcase> <!-- @AfterMethod TearDown -->
  <testcase name="@BeforeMethod setUp" time="-1.582109878394E9" classname="GeneralTest.TestGeneraltab">
    <skipped/>
  </testcase> <!-- @BeforeMethod setUp -->
  <testcase name="@AfterMethod TearDown" time="-1.58210987841E9" classname="GeneralTest.TestGeneraltab">
    <skipped/>
  </testcase> <!-- @AfterMethod TearDown -->
  <testcase name="@BeforeMethod setUp" time="-1.582109878412E9" classname="GeneralTest.TestGeneraltab">
    <skipped/>
  </testcase> <!-- @BeforeMethod setUp -->
  <testcase name="@AfterMethod TearDown" time="-1.582109878488E9" classname="GeneralTest.TestGeneraltab">
    <skipped/>
  </testcase> <!-- @AfterMethod TearDown -->
  <testcase name="@BeforeMethod setUp" time="-1.5821098785E9" classname="GeneralTest.TestGeneraltab">
    <skipped/>
  </testcase> <!-- @BeforeMethod setUp -->
  <testcase name="@AfterMethod TearDown" time="-1.582109878523E9" classname="GeneralTest.TestGeneraltab">
    <skipped/>
  </testcase> <!-- @AfterMethod TearDown -->
  <testcase name="@BeforeMethod setUp" time="-1.582109878535E9" classname="GeneralTest.TestGeneraltab">
    <skipped/>
  </testcase> <!-- @BeforeMethod setUp -->
  <testcase name="@AfterMethod TearDown" time="-1.58210987856E9" classname="GeneralTest.TestGeneraltab">
    <skipped/>
  </testcase> <!-- @AfterMethod TearDown -->
  <testcase name="@BeforeMethod setUp" time="-1.582109878571E9" classname="GeneralTest.TestGeneraltab">
    <skipped/>
  </testcase> <!-- @BeforeMethod setUp -->
  <testcase name="@AfterMethod TearDown" time="-1.582109878581E9" classname="GeneralTest.TestGeneraltab">
    <skipped/>
  </testcase> <!-- @AfterMethod TearDown -->
  <testcase name="HomePageTitleTest" time="0.0" classname="GeneralTest.TestGeneraltab">
    <skipped/>
  </testcase> <!-- HomePageTitleTest -->
  <testcase name="PulsarLogTest" time="0.0" classname="GeneralTest.TestGeneraltab">
    <skipped/>
  </testcase> <!-- PulsarLogTest -->
  <testcase name="VerificationAddProduct" time="0.0" classname="GeneralTest.TestGeneraltab">
    <skipped/>
  </testcase> <!-- VerificationAddProduct -->
  <testcase name="validateUserAccount" time="0.0" classname="GeneralTest.TestGeneraltab">
    <skipped/>
  </testcase> <!-- validateUserAccount -->
  <testcase name="validateFindAgencyNoteBook" time="0.0" classname="GeneralTest.TestGeneraltab">
    <skipped/>
  </testcase> <!-- validateFindAgencyNoteBook -->
  <testcase name="validateFindChangeRequest" time="0.0" classname="GeneralTest.TestGeneraltab">
    <skipped/>
  </testcase> <!-- validateFindChangeRequest -->
  <testcase name="validateFindFeature" time="0.0" classname="GeneralTest.TestGeneraltab">
    <skipped/>
  </testcase> <!-- validateFindFeature -->
  <testcase name="validateFindComponent" time="0.0" classname="GeneralTest.TestGeneraltab">
    <skipped/>
  </testcase> <!-- validateFindComponent -->
  <testcase name="validateFindProduct" time="0.0" classname="GeneralTest.TestGeneraltab">
    <skipped/>
  </testcase> <!-- validateFindProduct -->
  <testcase name="validateFindSuddenImpact" time="0.0" classname="GeneralTest.TestGeneraltab">
    <skipped/>
  </testcase> <!-- validateFindSuddenImpact -->
  <testcase name="ValidateMarkeing" time="0.0" classname="GeneralTest.TestGeneraltab">
    <skipped/>
  </testcase> <!-- ValidateMarkeing -->
</testsuite> <!-- Pulsar 2 Sanity Test -->
